=== Frontend started at Thu Dec 18 10:40:45 MST 2025 ===

> client@0.0.0 dev
> vite


  VITE v7.3.0  ready in 159 ms

  ➜  Local:   http://localhost:5173/
  ➜  Network: use --host to expose
10:46:29 AM [vite] (client) hmr update /src/components/Layout.tsx, /src/index.css
10:46:30 AM [vite] (client) hmr update /src/components/Layout.tsx, /src/index.css
10:46:31 AM [vite] (client) hmr update /src/components/Layout.tsx, /src/index.css
10:46:32 AM [vite] (client) hmr update /src/components/Layout.tsx, /src/index.css
10:46:35 AM [vite] (client) hmr update /src/components/Layout.tsx, /src/index.css
10:46:48 AM [vite] (client) hmr update /src/components/Layout.tsx, /src/index.css
10:46:52 AM [vite] (client) hmr update /src/components/Layout.tsx, /src/index.css
10:46:53 AM [vite] (client) hmr update /src/components/Layout.tsx, /src/index.css
10:47:09 AM [vite] (client) hmr update /src/components/Layout.tsx, /src/index.css
10:47:11 AM [vite] (client) hmr update /src/components/Layout.tsx, /src/index.css
10:48:34 AM [vite] (client) hmr update /src/components/Layout.tsx, /src/index.css
10:48:39 AM [vite] (client) hmr update /src/components/Layout.tsx, /src/index.css
10:48:47 AM [vite] (client) hmr update /src/components/Layout.tsx, /src/index.css
10:48:48 AM [vite] (client) hmr update /src/components/Layout.tsx, /src/index.css
10:48:48 AM [vite] (client) hmr update /src/pages/SettingsPage.tsx, /src/index.css
10:48:49 AM [vite] (client) hmr update /src/pages/SettingsPage.tsx, /src/index.css
10:48:50 AM [vite] (client) hmr update /src/pages/HelpPage.tsx, /src/index.css
10:48:51 AM [vite] (client) hmr update /src/pages/HelpPage.tsx, /src/index.css
10:48:52 AM [vite] (client) hmr update /src/pages/AboutPage.tsx, /src/index.css
10:48:53 AM [vite] (client) hmr update /src/pages/AboutPage.tsx, /src/index.css
10:49:01 AM [vite] (client) hmr update /src/index.css, /src/hooks/useNavigate.tsx
10:49:08 AM [vite] (client) hmr update /src/pages/SettingsPage.tsx, /src/index.css
10:49:08 AM [vite] (client) hmr update /src/pages/AboutPage.tsx, /src/index.css
10:49:08 AM [vite] (client) hmr update /src/pages/HelpPage.tsx, /src/index.css
10:49:08 AM [vite] (client) hmr update /src/components/Layout.tsx, /src/index.css
10:50:29 AM [vite] (client) hmr update /src/index.css, /node_modules/react-resizable/css/styles.css, /node_modules/react-grid-layout/css/styles.css, /node_modules/survey-core/survey-core.min.css
10:50:31 AM [vite] (client) hmr update /src/components/Layout.tsx, /src/index.css
10:50:32 AM [vite] (client) hmr update /src/components/Layout.tsx, /src/index.css
10:50:33 AM [vite] (client) hmr update /src/components/Layout.tsx, /src/index.css
10:50:35 AM [vite] (client) hmr update /src/components/Layout.tsx, /src/index.css
10:50:40 AM [vite] (client) hmr update /src/components/Layout.tsx, /src/index.css
10:50:43 AM [vite] (client) hmr update /src/components/Layout.tsx, /src/index.css
10:50:44 AM [vite] (client) hmr update /src/components/Layout.tsx, /src/index.css
10:50:45 AM [vite] (client) hmr update /src/components/Layout.tsx, /src/index.css
10:50:46 AM [vite] (client) hmr update /src/components/Layout.tsx, /src/index.css
10:50:47 AM [vite] (client) hmr update /src/components/Layout.tsx, /src/index.css
10:50:56 AM [vite] (client) hmr update /src/pages/SettingsPage.tsx, /src/index.css
10:50:58 AM [vite] (client) hmr update /src/pages/SettingsPage.tsx, /src/index.css
10:51:00 AM [vite] (client) hmr update /src/pages/SettingsPage.tsx, /src/index.css
10:51:01 AM [vite] (client) hmr update /src/pages/SettingsPage.tsx, /src/index.css
10:51:02 AM [vite] (client) hmr update /src/pages/SettingsPage.tsx, /src/index.css
10:51:03 AM [vite] (client) hmr update /src/pages/HelpPage.tsx, /src/index.css
10:51:04 AM [vite] (client) hmr update /src/pages/HelpPage.tsx, /src/index.css
10:51:05 AM [vite] (client) hmr update /src/pages/HelpPage.tsx, /src/index.css
10:51:07 AM [vite] (client) hmr update /src/pages/AboutPage.tsx, /src/index.css
10:51:09 AM [vite] (client) hmr update /src/pages/AboutPage.tsx, /src/index.css
10:51:10 AM [vite] (client) hmr update /src/pages/AboutPage.tsx, /src/index.css
10:51:14 AM [vite] (client) hmr update /src/pages/SettingsPage.tsx, /src/index.css
10:51:14 AM [vite] (client) hmr update /src/pages/AboutPage.tsx, /src/index.css
10:51:14 AM [vite] (client) hmr update /src/pages/HelpPage.tsx, /src/index.css
10:51:14 AM [vite] (client) hmr update /src/index.css, /node_modules/react-resizable/css/styles.css, /node_modules/react-grid-layout/css/styles.css, /node_modules/survey-core/survey-core.min.css
10:51:14 AM [vite] (client) hmr update /src/components/Layout.tsx, /src/index.css
10:51:14 AM [vite] (client) hmr update /src/pages/SettingsPage.tsx, /src/index.css
10:51:14 AM [vite] (client) hmr update /src/pages/AboutPage.tsx, /src/index.css
10:51:14 AM [vite] (client) hmr update /src/pages/HelpPage.tsx, /src/index.css
10:51:23 AM [vite] (client) hmr update /src/components/Layout.tsx, /src/index.css
10:51:25 AM [vite] (client) hmr update /src/index.css, /node_modules/react-resizable/css/styles.css, /node_modules/react-grid-layout/css/styles.css, /node_modules/survey-core/survey-core.min.css
10:51:25 AM [vite] (client) hmr update /src/pages/SettingsPage.tsx, /src/index.css
10:51:26 AM [vite] (client) hmr update /src/pages/HelpPage.tsx, /src/index.css
10:51:27 AM [vite] (client) hmr update /src/pages/AboutPage.tsx, /src/index.css
10:52:06 AM [vite] (client) hmr update /src/pages/SettingsPage.tsx, /src/index.css
10:52:11 AM [vite] (client) hmr update /src/pages/SettingsPage.tsx, /src/index.css
10:52:22 AM [vite] (client) hmr update /src/pages/SettingsPage.tsx, /src/index.css
10:52:27 AM [vite] (client) hmr update /src/pages/SettingsPage.tsx, /src/index.css
10:52:29 AM [vite] (client) hmr update /src/pages/HelpPage.tsx, /src/index.css
10:52:33 AM [vite] (client) hmr update /src/pages/HelpPage.tsx, /src/index.css
10:52:39 AM [vite] (client) hmr update /src/pages/HelpPage.tsx, /src/index.css
10:52:41 AM [vite] (client) hmr update /src/pages/AboutPage.tsx, /src/index.css
10:52:45 AM [vite] (client) hmr update /src/pages/AboutPage.tsx, /src/index.css
10:52:54 AM [vite] (client) hmr update /src/pages/AboutPage.tsx, /src/index.css
10:52:58 AM [vite] (client) hmr update /src/components/BaseWidget.tsx, /src/index.css
10:53:03 AM [vite] (client) hmr update /src/components/BaseWidget.tsx, /src/index.css
10:53:05 AM [vite] (client) hmr update /src/index.css, /src/components/WidgetTray.tsx
10:53:10 AM [vite] (client) hmr update /src/index.css, /src/components/WidgetTray.tsx
10:53:15 AM [vite] (client) hmr update /src/index.css, /src/components/WidgetTray.tsx
10:53:23 AM [vite] (client) hmr update /src/index.css, /src/components/WidgetTray.tsx
10:53:29 AM [vite] (client) hmr update /src/index.css, /src/components/WidgetTray.tsx
10:53:32 AM [vite] (client) hmr update /src/index.css, /src/components/WidgetTray.tsx
10:53:36 AM [vite] (client) hmr update /src/components/Layout.tsx, /src/index.css
10:53:40 AM [vite] (client) hmr update /src/pages/AboutPage.tsx, /src/index.css
10:53:41 AM [vite] (client) hmr update /src/pages/SettingsPage.tsx, /src/index.css
10:53:41 AM [vite] (client) hmr update /src/pages/HelpPage.tsx, /src/index.css
10:53:42 AM [vite] (client) hmr update /src/components/Layout.tsx, /src/index.css
10:53:42 AM [vite] (client) hmr update /src/components/BaseWidget.tsx, /src/index.css
10:53:43 AM [vite] (client) hmr update /src/index.css, /src/components/WidgetTray.tsx
10:53:43 AM [vite] (client) hmr update /src/components/Layout.tsx, /src/index.css
10:53:43 AM [vite] (client) hmr update /src/components/Layout.tsx, /src/index.css
10:53:44 AM [vite] (client) hmr update /src/components/Layout.tsx, /src/index.css
10:53:44 AM [vite] (client) hmr update /src/components/Layout.tsx, /src/index.css
10:53:45 AM [vite] (client) hmr update /src/components/Layout.tsx, /src/index.css
10:53:47 AM [vite] (client) hmr update /src/index.css, /src/components/WidgetPreview.tsx
10:53:48 AM [vite] (client) hmr update /src/index.css, /src/components/WidgetPreview.tsx
10:53:52 AM [vite] (client) hmr update /src/index.css, /src/components/WidgetPreview.tsx
10:53:55 AM [vite] (client) hmr update /src/pages/SettingsPage.tsx, /src/index.css
10:53:55 AM [vite] (client) hmr update /src/pages/AboutPage.tsx, /src/index.css
10:53:55 AM [vite] (client) hmr update /src/pages/HelpPage.tsx, /src/index.css
10:53:55 AM [vite] (client) hmr update /src/components/BaseWidget.tsx, /src/index.css
10:53:55 AM [vite] (client) hmr update /src/index.css, /src/components/WidgetTray.tsx
10:53:55 AM [vite] (client) hmr update /src/components/Layout.tsx, /src/index.css
10:53:55 AM [vite] (client) hmr update /src/index.css, /src/components/WidgetPreview.tsx
10:54:57 AM [vite] (client) hmr update /src/components/Layout.tsx, /src/index.css
10:54:58 AM [vite] (client) hmr update /src/components/Layout.tsx, /src/index.css
10:55:00 AM [vite] (client) hmr update /src/index.css, /src/widgets/RiskHeatmapWidget.tsx
10:55:09 AM [vite] (client) hmr update /src/components/Layout.tsx, /src/index.css
10:55:10 AM [vite] (client) hmr update /src/index.css, /src/widgets/RiskHeatmapWidget.tsx
10:55:11 AM [vite] (client) hmr update /src/index.css, /src/widgets/RiskHeatmapWidget.tsx
10:55:12 AM [vite] (client) hmr update /src/index.css, /src/widgets/DemandForecastWidget.tsx
10:55:13 AM [vite] (client) hmr update /src/index.css, /src/widgets/DemandForecastWidget.tsx
10:55:14 AM [vite] (client) hmr update /src/index.css, /src/widgets/InventoryWidget.tsx
10:55:15 AM [vite] (client) hmr update /src/index.css, /src/widgets/InventoryWidget.tsx
10:55:16 AM [vite] (client) hmr update /src/index.css, /src/widgets/WarehouseCapacityWidget.tsx
10:55:17 AM [vite] (client) hmr update /src/index.css, /src/widgets/WarehouseCapacityWidget.tsx
10:55:18 AM [vite] (client) hmr update /src/index.css, /src/widgets/SupplierScorecardWidget.tsx
10:55:20 AM [vite] (client) hmr update /src/index.css, /src/widgets/SupplierScorecardWidget.tsx
10:55:21 AM [vite] (client) hmr update /src/index.css, /src/widgets/CostBreakdownWidget.tsx
10:55:21 AM [vite] (client) hmr update /src/index.css, /src/widgets/CostBreakdownWidget.tsx
10:55:22 AM [vite] (client) hmr update /src/index.css, /src/widgets/CostBreakdownWidget.tsx
10:55:23 AM [vite] (client) hmr update /src/index.css, /src/widgets/GanttWidget.tsx
10:55:24 AM [vite] (client) hmr update /src/index.css, /src/widgets/GanttWidget.tsx
10:55:24 AM [vite] (client) hmr update /src/index.css, /src/widgets/GanttWidget.tsx
10:55:49 AM [vite] (client) hmr update /src/index.css
[vite:css][postcss] @import must precede all other statements (besides @charset or empty @layer)
4  |  
5  |  /* Highcharts CSS for styled mode */
6  |  @import url('https://code.highcharts.com/css/highcharts.css');
   |  ^^^^^^^^^^^^^^^^^^^^^^^^^^^^^^^^^^^^^^^^^^^^^^^^^^^^^^^^^^^^^^
7  |  
8  |  html, body, #root {
10:55:51 AM [vite] (client) page reload src/main.tsx
[vite:css][postcss] @import must precede all other statements (besides @charset or empty @layer)
4  |  
5  |  /* Highcharts CSS for styled mode */
6  |  @import url('https://code.highcharts.com/css/highcharts.css');
   |  ^^^^^^^^^^^^^^^^^^^^^^^^^^^^^^^^^^^^^^^^^^^^^^^^^^^^^^^^^^^^^^
7  |  
8  |  html, body, #root {
10:56:04 AM [vite] (client) page reload src/utils/highchartsConfig.ts
[vite:css][postcss] @import must precede all other statements (besides @charset or empty @layer)
4  |  
5  |  /* Highcharts CSS for styled mode */
6  |  @import url('https://code.highcharts.com/css/highcharts.css');
   |  ^^^^^^^^^^^^^^^^^^^^^^^^^^^^^^^^^^^^^^^^^^^^^^^^^^^^^^^^^^^^^^
7  |  
8  |  html, body, #root {
10:56:05 AM [vite] (client) hmr update /src/index.css
10:56:20 AM [vite] (client) hmr update /src/components/Layout.tsx, /src/widgets/RiskHeatmapWidget.tsx, /src/widgets/DemandForecastWidget.tsx, /src/widgets/InventoryWidget.tsx, /src/widgets/CostBreakdownWidget.tsx, /src/widgets/GanttWidget.tsx, /src/widgets/SupplierScorecardWidget.tsx, /src/widgets/WarehouseCapacityWidget.tsx, /src/index.css
10:56:21 AM [vite] (client) hmr update /src/index.css, /src/widgets/RiskHeatmapWidget.tsx
10:56:22 AM [vite] (client) hmr update /src/index.css, /src/widgets/DemandForecastWidget.tsx
10:56:23 AM [vite] (client) hmr update /src/index.css, /src/widgets/InventoryWidget.tsx
10:56:23 AM [vite] (client) hmr update /src/index.css, /src/widgets/InventoryWidget.tsx
10:56:24 AM [vite] (client) hmr update /src/index.css, /src/widgets/WarehouseCapacityWidget.tsx
10:56:25 AM [vite] (client) hmr update /src/index.css, /src/widgets/SupplierScorecardWidget.tsx
10:56:26 AM [vite] (client) hmr update /src/index.css, /src/widgets/CostBreakdownWidget.tsx
10:56:27 AM [vite] (client) hmr update /src/index.css, /src/widgets/GanttWidget.tsx
10:56:28 AM [vite] (client) hmr update /src/components/Layout.tsx, /src/widgets/RiskHeatmapWidget.tsx, /src/widgets/DemandForecastWidget.tsx, /src/widgets/InventoryWidget.tsx, /src/widgets/CostBreakdownWidget.tsx, /src/widgets/GanttWidget.tsx, /src/widgets/SupplierScorecardWidget.tsx, /src/widgets/WarehouseCapacityWidget.tsx, /src/index.css
10:56:37 AM [vite] (client) hmr update /src/components/Layout.tsx, /src/widgets/RiskHeatmapWidget.tsx, /src/widgets/DemandForecastWidget.tsx, /src/widgets/InventoryWidget.tsx, /src/widgets/CostBreakdownWidget.tsx, /src/widgets/GanttWidget.tsx, /src/widgets/SupplierScorecardWidget.tsx, /src/widgets/WarehouseCapacityWidget.tsx, /src/index.css
10:56:37 AM [vite] (client) hmr update /src/index.css, /src/widgets/SupplierScorecardWidget.tsx
10:56:37 AM [vite] (client) hmr update /src/index.css, /src/widgets/WarehouseCapacityWidget.tsx
10:56:37 AM [vite] (client) hmr update /src/index.css, /src/widgets/CostBreakdownWidget.tsx
10:56:37 AM [vite] (client) hmr update /src/index.css, /src/widgets/GanttWidget.tsx
10:56:37 AM [vite] (client) hmr update /src/index.css, /src/widgets/DemandForecastWidget.tsx
10:56:37 AM [vite] (client) hmr update /src/index.css, /src/widgets/RiskHeatmapWidget.tsx
10:56:37 AM [vite] (client) hmr update /src/index.css
10:56:37 AM [vite] (client) page reload src/utils/highchartsConfig.ts
10:56:37 AM [vite] (client) page reload src/main.tsx
10:56:37 AM [vite] (client) hmr update /src/components/Layout.tsx, /src/index.css
10:56:37 AM [vite] (client) hmr update /src/index.css, /src/widgets/InventoryWidget.tsx
10:56:37 AM [vite] (client) hmr update /src/index.css, /src/widgets/RiskHeatmapWidget.tsx
10:56:37 AM [vite] (client) hmr update /src/index.css, /src/widgets/DemandForecastWidget.tsx
10:56:37 AM [vite] (client) hmr update /src/components/Layout.tsx, /src/widgets/RiskHeatmapWidget.tsx, /src/widgets/DemandForecastWidget.tsx, /src/widgets/InventoryWidget.tsx, /src/widgets/CostBreakdownWidget.tsx, /src/widgets/GanttWidget.tsx, /src/widgets/SupplierScorecardWidget.tsx, /src/widgets/WarehouseCapacityWidget.tsx, /src/index.css
10:56:37 AM [vite] (client) hmr update /src/index.css, /src/widgets/SupplierScorecardWidget.tsx
10:56:37 AM [vite] (client) hmr update /src/index.css, /src/widgets/InventoryWidget.tsx
10:56:37 AM [vite] (client) hmr update /src/index.css, /src/widgets/WarehouseCapacityWidget.tsx
10:56:37 AM [vite] (client) hmr update /src/index.css, /src/widgets/GanttWidget.tsx
10:56:37 AM [vite] (client) hmr update /src/index.css, /src/widgets/CostBreakdownWidget.tsx
10:56:37 AM [vite] (client) hmr update /src/index.css
10:56:37 AM [vite] (client) page reload src/utils/highchartsConfig.ts
10:56:37 AM [vite] (client) page reload src/main.tsx
10:56:37 AM [vite] (client) hmr update /src/components/Layout.tsx, /src/index.css
10:56:49 AM [vite] (client) hmr update /src/components/Layout.tsx, /src/index.css
10:56:49 AM [vite] (client) hmr update /src/index.css, /node_modules/react-resizable/css/styles.css, /node_modules/react-grid-layout/css/styles.css, /node_modules/survey-core/survey-core.min.css
10:56:49 AM [vite] (client) hmr update /src/components/BaseWidget.tsx, /src/index.css
10:56:49 AM [vite] (client) hmr update /src/index.css, /src/components/WidgetTray.tsx
10:56:49 AM [vite] (client) hmr update /src/index.css, /src/components/WidgetPreview.tsx
10:56:49 AM [vite] (client) page reload src/hooks/useHighchartsDarkMode.ts
10:56:49 AM [vite] (client) Pre-transform error: Failed to load url /src/hooks/useHighchartsDarkMode.ts (resolved id: /Users/taylor.hanson/sc-command-center/client/src/hooks/useHighchartsDarkMode.ts) in /Users/taylor.hanson/sc-command-center/client/src/widgets/RiskHeatmapWidget.tsx. Does the file exist?
10:56:49 AM [vite] (client) Pre-transform error: Failed to load url /src/hooks/useHighchartsDarkMode.ts (resolved id: /Users/taylor.hanson/sc-command-center/client/src/hooks/useHighchartsDarkMode.ts) in /Users/taylor.hanson/sc-command-center/client/src/widgets/RiskHeatmapWidget.tsx. Does the file exist?
10:56:49 AM [vite] (client) Pre-transform error: Failed to load url /src/hooks/useHighchartsDarkMode.ts (resolved id: /Users/taylor.hanson/sc-command-center/client/src/hooks/useHighchartsDarkMode.ts) in /Users/taylor.hanson/sc-command-center/client/src/widgets/RiskHeatmapWidget.tsx. Does the file exist?
10:56:49 AM [vite] (client) Pre-transform error: Failed to load url /src/hooks/useHighchartsDarkMode.ts (resolved id: /Users/taylor.hanson/sc-command-center/client/src/hooks/useHighchartsDarkMode.ts) in /Users/taylor.hanson/sc-command-center/client/src/widgets/RiskHeatmapWidget.tsx. Does the file exist?
10:56:49 AM [vite] (client) Pre-transform error: Failed to load url /src/hooks/useHighchartsDarkMode.ts (resolved id: /Users/taylor.hanson/sc-command-center/client/src/hooks/useHighchartsDarkMode.ts) in /Users/taylor.hanson/sc-command-center/client/src/widgets/RiskHeatmapWidget.tsx. Does the file exist?
10:56:49 AM [vite] (client) Pre-transform error: Failed to load url /src/hooks/useHighchartsDarkMode.ts (resolved id: /Users/taylor.hanson/sc-command-center/client/src/hooks/useHighchartsDarkMode.ts) in /Users/taylor.hanson/sc-command-center/client/src/widgets/RiskHeatmapWidget.tsx. Does the file exist?
10:56:49 AM [vite] (client) Pre-transform error: Failed to load url /src/hooks/useHighchartsDarkMode.ts (resolved id: /Users/taylor.hanson/sc-command-center/client/src/hooks/useHighchartsDarkMode.ts) in /Users/taylor.hanson/sc-command-center/client/src/widgets/RiskHeatmapWidget.tsx. Does the file exist?
10:56:49 AM [vite] (client) hmr update /src/index.css, /src/widgets/RiskHeatmapWidget.tsx
10:56:49 AM [vite] (client) hmr update /src/index.css, /src/widgets/DemandForecastWidget.tsx
10:56:49 AM [vite] (client) hmr update /src/index.css, /src/widgets/InventoryWidget.tsx
10:56:49 AM [vite] (client) hmr update /src/index.css, /src/widgets/WarehouseCapacityWidget.tsx
10:56:49 AM [vite] (client) hmr update /src/index.css, /src/widgets/SupplierScorecardWidget.tsx
10:56:49 AM [vite] (client) hmr update /src/index.css, /src/widgets/CostBreakdownWidget.tsx
10:56:49 AM [vite] (client) hmr update /src/index.css, /src/widgets/GanttWidget.tsx
10:56:49 AM [vite] (client) hmr update /src/index.css
10:56:49 AM [vite] (client) page reload src/main.tsx
10:56:49 AM [vite] (client) page reload src/utils/highchartsConfig.ts
10:56:51 AM [vite] (client) hmr update /src/pages/AboutPage.tsx, /src/index.css
10:56:51 AM [vite] (client) hmr update /src/pages/HelpPage.tsx, /src/index.css
10:56:51 AM [vite] (client) hmr update /src/pages/SettingsPage.tsx, /src/index.css
